{"uuid":"d81d01b4-85f2-4f4f-8b43-6141b7966e8d","historyId":"fad46a23e1152b2f6078e9f0c6dc8fd3","fullName":"ActivitesGrid: Step_35_As a user i select values in the requirement progress all Incomplete Only complete only","labels":[{"name":"host","value":"Code-3393"},{"name":"thread","value":"8888@Code-3393.main(1)"},{"name":"feature","value":"ActivitesGrid"},{"name":"story","value":"Step_35_As a user i select values in the requirement progress all Incomplete Only complete only"},{"name":"suite","value":"ActivitesGrid"},{"name":"testClass","value":"Step_35_As a user i select values in the requirement progress all Incomplete Only complete only"},{"name":"framework","value":"cucumber4jvm"},{"name":"language","value":"java"},{"name":"gherkin_uri","value":"file:///C:/Users/User/Desktop/Pharma/QA-Automation/src/test/resources/Features/ActivitesGrid/ActivitesGrid.feature"},{"name":"package","value":"src.test.resources.Features.ActivitesGrid.ActivitesGrid_feature.ActivitesGrid"}],"links":[],"name":"Step_35_As a user i select values in the requirement progress all Incomplete Only complete only","status":"failed","statusDetails":{"known":false,"muted":false,"flaky":false,"message":"java.lang.AssertionError","trace":"java.lang.AssertionError\r\n\tat org.junit.Assert.fail(Assert.java:87)\r\n\tat org.junit.Assert.assertTrue(Assert.java:42)\r\n\tat org.junit.Assert.assertTrue(Assert.java:53)\r\n\tat StepDefinations.LoginSteps.verifyLoginPageTitle(LoginSteps.java:84)\r\n\tat ✽.I see login page title(file:///C:/Users/User/Desktop/Pharma/QA-Automation/src/test/resources/Features/ActivitesGrid/ActivitesGrid.feature:5)\r\n"},"stage":"finished","steps":[{"name":"Given  Visit the app url","status":"passed","statusDetails":{"known":false,"muted":false,"flaky":false},"stage":"finished","steps":[],"attachments":[],"parameters":[],"start":1736210633254,"stop":1736210642730},{"name":"When  I see login page title","status":"failed","statusDetails":{"known":false,"muted":false,"flaky":false,"message":"java.lang.AssertionError","trace":"java.lang.AssertionError\r\n\tat org.junit.Assert.fail(Assert.java:87)\r\n\tat org.junit.Assert.assertTrue(Assert.java:42)\r\n\tat org.junit.Assert.assertTrue(Assert.java:53)\r\n\tat StepDefinations.LoginSteps.verifyLoginPageTitle(LoginSteps.java:84)\r\n\tat ✽.I see login page title(file:///C:/Users/User/Desktop/Pharma/QA-Automation/src/test/resources/Features/ActivitesGrid/ActivitesGrid.feature:5)\r\n"},"stage":"finished","steps":[],"attachments":[],"parameters":[],"start":1736210642732,"stop":1736210702811},{"name":"And  I enter username","status":"skipped","statusDetails":{"known":false,"muted":false,"flaky":false},"stage":"finished","steps":[],"attachments":[],"parameters":[],"start":1736210702812,"stop":1736210702814},{"name":"And  I enter password","status":"skipped","statusDetails":{"known":false,"muted":false,"flaky":false},"stage":"finished","steps":[],"attachments":[],"parameters":[],"start":1736210702814,"stop":1736210702815},{"name":"Then  I click on login button","status":"skipped","statusDetails":{"known":false,"muted":false,"flaky":false},"stage":"finished","steps":[],"attachments":[],"parameters":[],"start":1736210702815,"stop":1736210702815},{"name":"And  I click on session popup cancel button","status":"skipped","statusDetails":{"known":false,"muted":false,"flaky":false},"stage":"finished","steps":[],"attachments":[],"parameters":[],"start":1736210702815,"stop":1736210702816},{"name":"Then  I click on activities grid","status":"skipped","statusDetails":{"known":false,"muted":false,"flaky":false},"stage":"finished","steps":[],"attachments":[],"parameters":[],"start":1736210702816,"stop":1736210702817},{"name":"And  I see activities page title","status":"skipped","statusDetails":{"known":false,"muted":false,"flaky":false},"stage":"finished","steps":[],"attachments":[],"parameters":[],"start":1736210702817,"stop":1736210702818},{"name":"Then  I select incomplete only from requirement progress dropdown","status":"skipped","statusDetails":{"known":false,"muted":false,"flaky":false},"stage":"finished","steps":[],"attachments":[],"parameters":[],"start":1736210702818,"stop":1736210702819},{"name":"And  I see the requirements activities are filtered based on the chosen requirement progress incomplete only","status":"skipped","statusDetails":{"known":false,"muted":false,"flaky":false},"stage":"finished","steps":[],"attachments":[],"parameters":[],"start":1736210702819,"stop":1736210702819},{"name":"Then  I select complete only from requirement progress dropdown","status":"skipped","statusDetails":{"known":false,"muted":false,"flaky":false},"stage":"finished","steps":[],"attachments":[],"parameters":[],"start":1736210702820,"stop":1736210702820},{"name":"And  I see the requirements activities are filtered based on the chosen requirement progress complete only","status":"skipped","statusDetails":{"known":false,"muted":false,"flaky":false},"stage":"finished","steps":[],"attachments":[],"parameters":[],"start":1736210702820,"stop":1736210702821},{"name":"Then  I select all from requirement progress dropdown","status":"skipped","statusDetails":{"known":false,"muted":false,"flaky":false},"stage":"finished","steps":[],"attachments":[],"parameters":[],"start":1736210702821,"stop":1736210702821},{"name":"And  I see the requirements activities are filtered based on the chosen requirement progress all","status":"skipped","statusDetails":{"known":false,"muted":false,"flaky":false},"stage":"finished","steps":[],"attachments":[],"parameters":[],"start":1736210702821,"stop":1736210702822}],"attachments":[],"parameters":[],"start":1736210633252,"stop":1736210703019}